app/build/intermediates/manifest_merge_blame_file/debug/processDebugMainManifest/manifest-merger-blame-debug-report.txt
1<?xml version="1.0" encoding="utf-8"?>
2<manifest xmlns:android="http://schemas.android.com/apk/res/android"
3    package="com.aistudio.milkdelivery.qyvjpt"
4    android:versionCode="1"
5    android:versionName="1.0" >
6
7    <uses-sdk
7-->INJECTED
8        android:minSdkVersion="26"
8-->INJECTED
9        android:targetSdkVersion="35" />
9-->INJECTED
10
11    <queries>
11-->src\main\AndroidManifest.xml:5:5-17:15
12        <package android:name="com.google.android.gms" />
12-->src\main\AndroidManifest.xml:6:9-58
12-->src\main\AndroidManifest.xml:6:18-55
13
14        <!-- ✅ Allow app to handle file viewing and sharing -->
15        <intent>
15-->src\main\AndroidManifest.xml:9:9-12:18
16            <action android:name="android.intent.action.VIEW" />
16-->src\main\AndroidManifest.xml:10:13-65
16-->src\main\AndroidManifest.xml:10:21-62
17
18            <data android:mimeType="*/*" />
18-->src\main\AndroidManifest.xml:11:13-44
18-->src\main\AndroidManifest.xml:11:19-41
19        </intent>
20        <intent>
20-->src\main\AndroidManifest.xml:13:9-16:18
21            <action android:name="android.intent.action.SEND" />
21-->src\main\AndroidManifest.xml:14:13-65
21-->src\main\AndroidManifest.xml:14:21-62
22
23            <data android:mimeType="*/*" />
23-->src\main\AndroidManifest.xml:11:13-44
23-->src\main\AndroidManifest.xml:11:19-41
24        </intent>
25        <!-- Needs to be explicitly declared on Android R+ -->
26        <package android:name="com.google.android.apps.maps" />
26-->[com.google.android.gms:play-services-maps:20.0.0] AndroidManifest.xml:29:7-61
26-->[com.google.android.gms:play-services-maps:20.0.0] AndroidManifest.xml:29:16-59
27    </queries>
28
29    <!-- Permissions -->
30    <uses-permission android:name="android.permission.ACCESS_FINE_LOCATION" />
30-->src\main\AndroidManifest.xml:20:5-79
30-->src\main\AndroidManifest.xml:20:22-76
31    <uses-permission android:name="android.permission.ACCESS_COARSE_LOCATION" />
31-->src\main\AndroidManifest.xml:21:5-81
31-->src\main\AndroidManifest.xml:21:22-78
32    <uses-permission android:name="android.permission.INTERNET" />
32-->src\main\AndroidManifest.xml:22:5-67
32-->src\main\AndroidManifest.xml:22:22-64
33    <uses-permission android:name="android.permission.READ_MEDIA_IMAGES" />
33-->src\main\AndroidManifest.xml:23:5-76
33-->src\main\AndroidManifest.xml:23:22-73
34    <uses-permission android:name="android.permission.ACCESS_WIFI_STATE" />
34-->src\main\AndroidManifest.xml:24:5-76
34-->src\main\AndroidManifest.xml:24:22-73
35    <uses-permission android:name="android.permission.CHANGE_WIFI_STATE" />
35-->src\main\AndroidManifest.xml:25:5-76
35-->src\main\AndroidManifest.xml:25:22-73
36    <uses-permission android:name="android.permission.NEARBY_WIFI_DEVICES" />
36-->src\main\AndroidManifest.xml:26:5-78
36-->src\main\AndroidManifest.xml:26:22-75
37    <uses-permission android:name="android.permission.FOREGROUND_SERVICE" />
37-->src\main\AndroidManifest.xml:27:5-77
37-->src\main\AndroidManifest.xml:27:22-74
38    <uses-permission android:name="android.permission.FOREGROUND_SERVICE_DATA_SYNC" />
38-->src\main\AndroidManifest.xml:28:5-87
38-->src\main\AndroidManifest.xml:28:22-84
39    <uses-permission android:name="android.permission.WAKE_LOCK" />
39-->src\main\AndroidManifest.xml:29:5-68
39-->src\main\AndroidManifest.xml:29:22-65
40    <uses-permission android:name="android.permission.RECEIVE_BOOT_COMPLETED" />
40-->src\main\AndroidManifest.xml:30:5-81
40-->src\main\AndroidManifest.xml:30:22-78
41    <uses-permission android:name="android.permission.POST_NOTIFICATIONS" />
41-->src\main\AndroidManifest.xml:31:5-77
41-->src\main\AndroidManifest.xml:31:22-74
42
43    <!-- Include required permissions for Google Maps API to run. -->
44    <uses-permission android:name="android.permission.ACCESS_NETWORK_STATE" />
44-->[com.google.android.gms:play-services-maps:20.0.0] AndroidManifest.xml:20:5-78
44-->[com.google.android.gms:play-services-maps:20.0.0] AndroidManifest.xml:20:22-76
45
46    <uses-feature
46-->[com.google.android.gms:play-services-maps:20.0.0] AndroidManifest.xml:22:5-24:33
47        android:glEsVersion="0x00020000"
47-->[com.google.android.gms:play-services-maps:20.0.0] AndroidManifest.xml:23:8-40
48        android:required="true" />
48-->[com.google.android.gms:play-services-maps:20.0.0] AndroidManifest.xml:24:8-31
49
50    <uses-permission android:name="com.google.android.providers.gsf.permission.READ_GSERVICES" />
50-->[com.google.android.recaptcha:recaptcha:18.6.1] AndroidManifest.xml:9:5-98
50-->[com.google.android.recaptcha:recaptcha:18.6.1] AndroidManifest.xml:9:22-95
51
52    <permission
52-->[androidx.core:core:1.18.0] AndroidManifest.xml:22:5-24:47
53        android:name="com.aistudio.milkdelivery.qyvjpt.DYNAMIC_RECEIVER_NOT_EXPORTED_PERMISSION"
53-->[androidx.core:core:1.18.0] AndroidManifest.xml:23:9-81
54        android:protectionLevel="signature" />
54-->[androidx.core:core:1.18.0] AndroidManifest.xml:24:9-44
55
56    <uses-permission android:name="com.aistudio.milkdelivery.qyvjpt.DYNAMIC_RECEIVER_NOT_EXPORTED_PERMISSION" />
56-->[androidx.core:core:1.18.0] AndroidManifest.xml:26:5-97
56-->[androidx.core:core:1.18.0] AndroidManifest.xml:26:22-94
57
58    <application
58-->src\main\AndroidManifest.xml:33:5-187:19
59        android:allowBackup="true"
59-->src\main\AndroidManifest.xml:34:9-35
60        android:appComponentFactory="androidx.core.app.CoreComponentFactory"
60-->[androidx.core:core:1.18.0] AndroidManifest.xml:28:18-86
61        android:dataExtractionRules="@xml/data_extraction_rules"
61-->src\main\AndroidManifest.xml:35:9-65
62        android:debuggable="true"
63        android:extractNativeLibs="false"
63-->INJECTED
64        android:fullBackupContent="@xml/backup_rules"
64-->src\main\AndroidManifest.xml:36:9-54
65        android:icon="@mipmap/ic_launcher"
65-->src\main\AndroidManifest.xml:37:9-43
66        android:label="@string/app_name"
66-->src\main\AndroidManifest.xml:38:9-41
67        android:requestLegacyExternalStorage="true"
67-->src\main\AndroidManifest.xml:42:9-52
68        android:roundIcon="@mipmap/ic_launcher_round"
68-->src\main\AndroidManifest.xml:39:9-54
69        android:supportsRtl="true"
69-->src\main\AndroidManifest.xml:40:9-35
70        android:testOnly="true"
71        android:theme="@style/Theme.MilkDelivery" >
71-->src\main\AndroidManifest.xml:41:9-50
72
73        <!-- Google Maps API Key -->
74        <meta-data
74-->src\main\AndroidManifest.xml:46:9-48:71
75            android:name="com.google.android.geo.API_KEY"
75-->src\main\AndroidManifest.xml:47:13-58
76            android:value="AIzaSyDih1YEyR4R3z4FLMLHobf1Pja-MUazdJY" />
76-->src\main\AndroidManifest.xml:48:13-68
77        <meta-data
77-->src\main\AndroidManifest.xml:50:9-52:69
78            android:name="com.google.android.gms.version"
78-->src\main\AndroidManifest.xml:51:13-58
79            android:value="@integer/google_play_services_version" />
79-->src\main\AndroidManifest.xml:52:13-66
80
81        <provider
81-->INJECTED
82            android:name="androidx.core.content.FileProvider"
82-->src\main\AndroidManifest.xml:55:13-62
83            android:authorities="com.aistudio.milkdelivery.qyvjpt.provider"
83-->INJECTED
84            android:exported="false"
84-->src\main\AndroidManifest.xml:57:13-37
85            android:grantUriPermissions="true" >
85-->src\main\AndroidManifest.xml:58:13-47
86            <meta-data
86-->src\main\AndroidManifest.xml:60:13-62:54
87                android:name="android.support.FILE_PROVIDER_PATHS"
87-->src\main\AndroidManifest.xml:61:17-67
88                android:resource="@xml/file_paths" />
88-->src\main\AndroidManifest.xml:62:17-51
89        </provider>
90
91        <!-- WiFi Direct Service -->
92        <service
92-->src\main\AndroidManifest.xml:67:9-70:40
93            android:name="com.example.service.WifiDirectService"
93-->src\main\AndroidManifest.xml:68:13-65
94            android:exported="false"
94-->src\main\AndroidManifest.xml:70:13-37
95            android:foregroundServiceType="dataSync" />
95-->src\main\AndroidManifest.xml:69:13-53
96
97        <!-- Auto Backup Receivers -->
98        <receiver
98-->src\main\AndroidManifest.xml:73:9-81:20
99            android:name="com.example.receivers.BootReceiver"
99-->src\main\AndroidManifest.xml:74:13-51
100            android:enabled="true"
100-->src\main\AndroidManifest.xml:75:13-35
101            android:exported="true" >
101-->src\main\AndroidManifest.xml:76:13-36
102            <intent-filter>
102-->src\main\AndroidManifest.xml:77:13-80:29
103                <action android:name="android.intent.action.BOOT_COMPLETED" />
103-->src\main\AndroidManifest.xml:78:17-79
103-->src\main\AndroidManifest.xml:78:25-76
104                <action android:name="android.intent.action.QUICKBOOT_POWERON" />
104-->src\main\AndroidManifest.xml:79:17-82
104-->src\main\AndroidManifest.xml:79:25-79
105            </intent-filter>
106        </receiver>
107        <receiver
107-->src\main\AndroidManifest.xml:83:9-86:40
108            android:name="com.example.receivers.AutoBackupReceiver"
108-->src\main\AndroidManifest.xml:84:13-57
109            android:enabled="true"
109-->src\main\AndroidManifest.xml:85:13-35
110            android:exported="false" />
110-->src\main\AndroidManifest.xml:86:13-37
111
112        <!-- Activities -->
113        <activity
113-->src\main\AndroidManifest.xml:89:9-97:20
114            android:name="com.example.activities.SplashActivity"
114-->src\main\AndroidManifest.xml:90:13-54
115            android:exported="true"
115-->src\main\AndroidManifest.xml:91:13-36
116            android:screenOrientation="portrait" >
116-->src\main\AndroidManifest.xml:92:13-49
117            <intent-filter>
117-->src\main\AndroidManifest.xml:93:13-96:29
118                <action android:name="android.intent.action.MAIN" />
118-->src\main\AndroidManifest.xml:94:17-69
118-->src\main\AndroidManifest.xml:94:25-66
119
120                <category android:name="android.intent.category.LAUNCHER" />
120-->src\main\AndroidManifest.xml:95:17-77
120-->src\main\AndroidManifest.xml:95:27-74
121            </intent-filter>
122        </activity>
123        <activity
123-->src\main\AndroidManifest.xml:99:9-102:52
124            android:name="com.example.activities.LoginActivity"
124-->src\main\AndroidManifest.xml:100:13-53
125            android:exported="true"
125-->src\main\AndroidManifest.xml:101:13-36
126            android:screenOrientation="portrait" />
126-->src\main\AndroidManifest.xml:102:13-49
127        <activity
127-->src\main\AndroidManifest.xml:104:9-108:52
128            android:name="com.example.activities.MainActivity"
128-->src\main\AndroidManifest.xml:105:13-52
129            android:exported="false"
129-->src\main\AndroidManifest.xml:106:13-37
130            android:screenOrientation="portrait"
130-->src\main\AndroidManifest.xml:108:13-49
131            android:theme="@style/Theme.MilkDelivery" />
131-->src\main\AndroidManifest.xml:107:13-54
132        <activity
132-->src\main\AndroidManifest.xml:110:9-115:52
133            android:name="com.example.activities.CustomerCalendarActivity"
133-->src\main\AndroidManifest.xml:111:13-64
134            android:exported="false"
134-->src\main\AndroidManifest.xml:112:13-37
135            android:label="Customer Calendar"
135-->src\main\AndroidManifest.xml:113:13-46
136            android:screenOrientation="portrait"
136-->src\main\AndroidManifest.xml:115:13-49
137            android:theme="@style/Theme.MilkDelivery" />
137-->src\main\AndroidManifest.xml:114:13-54
138        <activity
138-->src\main\AndroidManifest.xml:117:9-122:52
139            android:name="com.example.activities.CustomerRecapDetailsActivity"
139-->src\main\AndroidManifest.xml:118:13-68
140            android:exported="false"
140-->src\main\AndroidManifest.xml:119:13-37
141            android:label="Milk Delivery Summary"
141-->src\main\AndroidManifest.xml:120:13-50
142            android:screenOrientation="portrait"
142-->src\main\AndroidManifest.xml:122:13-49
143            android:theme="@style/Theme.MilkDelivery" />
143-->src\main\AndroidManifest.xml:121:13-54
144        <activity
144-->src\main\AndroidManifest.xml:124:9-127:52
145            android:name="com.example.activities.BackupCenterActivity"
145-->src\main\AndroidManifest.xml:125:13-60
146            android:exported="false"
146-->src\main\AndroidManifest.xml:126:13-37
147            android:screenOrientation="portrait" />
147-->src\main\AndroidManifest.xml:127:13-49
148        <activity
148-->src\main\AndroidManifest.xml:129:9-132:52
149            android:name="com.example.activities.MyBackupsActivity"
149-->src\main\AndroidManifest.xml:130:13-57
150            android:exported="false"
150-->src\main\AndroidManifest.xml:131:13-37
151            android:screenOrientation="portrait" />
151-->src\main\AndroidManifest.xml:132:13-49
152        <activity
152-->src\main\AndroidManifest.xml:134:9-137:52
153            android:name="com.example.activities.ReceivedBackupsActivity"
153-->src\main\AndroidManifest.xml:135:13-63
154            android:exported="false"
154-->src\main\AndroidManifest.xml:136:13-37
155            android:screenOrientation="portrait" />
155-->src\main\AndroidManifest.xml:137:13-49
156        <activity
156-->src\main\AndroidManifest.xml:139:9-142:52
157            android:name="com.example.activities.WifiDirectActivity"
157-->src\main\AndroidManifest.xml:140:13-58
158            android:exported="false"
158-->src\main\AndroidManifest.xml:141:13-37
159            android:screenOrientation="portrait" />
159-->src\main\AndroidManifest.xml:142:13-49
160
161        <!-- ✅ Handle .enc files (Both Open & Share) -->
162        <activity
162-->src\main\AndroidManifest.xml:145:9-174:20
163            android:name="com.example.activities.EncryptedFileViewerActivity"
163-->src\main\AndroidManifest.xml:146:13-67
164            android:exported="true"
164-->src\main\AndroidManifest.xml:147:13-36
165            android:label="Decrypt Backup"
165-->src\main\AndroidManifest.xml:148:13-43
166            android:screenOrientation="portrait" >
166-->src\main\AndroidManifest.xml:149:13-49
167
168            <!-- For "Open with" -->
169            <intent-filter>
169-->src\main\AndroidManifest.xml:152:13-164:29
170                <action android:name="android.intent.action.VIEW" />
170-->src\main\AndroidManifest.xml:10:13-65
170-->src\main\AndroidManifest.xml:10:21-62
171
172                <category android:name="android.intent.category.DEFAULT" />
172-->src\main\AndroidManifest.xml:154:17-76
172-->src\main\AndroidManifest.xml:154:27-73
173                <category android:name="android.intent.category.BROWSABLE" />
173-->src\main\AndroidManifest.xml:155:17-78
173-->src\main\AndroidManifest.xml:155:27-75
174
175                <data android:mimeType="application/octet-stream" />
175-->src\main\AndroidManifest.xml:11:13-44
175-->src\main\AndroidManifest.xml:11:19-41
176                <data android:scheme="file" />
176-->src\main\AndroidManifest.xml:11:13-44
176-->src\main\AndroidManifest.xml:158:23-44
177                <data android:scheme="content" />
177-->src\main\AndroidManifest.xml:11:13-44
177-->src\main\AndroidManifest.xml:158:23-44
178                <data android:host="*" />
178-->src\main\AndroidManifest.xml:11:13-44
178-->src\main\AndroidManifest.xml:160:23-39
179                <data android:pathPattern=".*\\.enc" />
179-->src\main\AndroidManifest.xml:11:13-44
179-->src\main\AndroidManifest.xml:161:23-53
180                <data android:pathPattern=".*\\..*\\.enc" />
180-->src\main\AndroidManifest.xml:11:13-44
180-->src\main\AndroidManifest.xml:161:23-53
181                <data android:pathPattern=".*\\..*\\..*\\.enc" />
181-->src\main\AndroidManifest.xml:11:13-44
181-->src\main\AndroidManifest.xml:161:23-53
182            </intent-filter>
183
184            <!-- ✅ For "Share" menu -->
185            <intent-filter>
185-->src\main\AndroidManifest.xml:167:13-173:29
186                <action android:name="android.intent.action.SEND" />
186-->src\main\AndroidManifest.xml:14:13-65
186-->src\main\AndroidManifest.xml:14:21-62
187
188                <category android:name="android.intent.category.DEFAULT" />
188-->src\main\AndroidManifest.xml:154:17-76
188-->src\main\AndroidManifest.xml:154:27-73
189
190                <data android:mimeType="application/octet-stream" />
190-->src\main\AndroidManifest.xml:11:13-44
190-->src\main\AndroidManifest.xml:11:19-41
191                <data android:mimeType="*/*" />
191-->src\main\AndroidManifest.xml:11:13-44
191-->src\main\AndroidManifest.xml:11:19-41
192            </intent-filter>
193        </activity>
194
195        <provider
195-->INJECTED
196            android:name="androidx.core.content.FileProvider"
196-->src\main\AndroidManifest.xml:55:13-62
197            android:authorities="com.aistudio.milkdelivery.qyvjpt.provider"
197-->INJECTED
198            android:exported="false"
198-->src\main\AndroidManifest.xml:57:13-37
199            android:grantUriPermissions="true" >
199-->src\main\AndroidManifest.xml:58:13-47
200            <meta-data
200-->src\main\AndroidManifest.xml:60:13-62:54
201                android:name="android.support.FILE_PROVIDER_PATHS"
201-->src\main\AndroidManifest.xml:61:17-67
202                android:resource="@xml/file_paths" />
202-->src\main\AndroidManifest.xml:62:17-51
203        </provider>
204
205        <activity
205-->[com.google.android.libraries.places:places:3.5.0] AndroidManifest.xml:15:9-21:20
206            android:name="com.google.android.libraries.places.widget.AutocompleteActivity"
206-->[com.google.android.libraries.places:places:3.5.0] AndroidManifest.xml:16:13-91
207            android:exported="false"
207-->[com.google.android.libraries.places:places:3.5.0] AndroidManifest.xml:17:13-37
208            android:label="@string/places_autocomplete_label"
208-->[com.google.android.libraries.places:places:3.5.0] AndroidManifest.xml:18:13-62
209            android:theme="@style/PlacesAutocompleteOverlay"
209-->[com.google.android.libraries.places:places:3.5.0] AndroidManifest.xml:19:13-61
210            android:windowSoftInputMode="adjustResize" >
210-->[com.google.android.libraries.places:places:3.5.0] AndroidManifest.xml:20:13-55
211        </activity>
212        <activity
212-->[com.google.firebase:firebase-auth:24.0.1] AndroidManifest.xml:29:9-46:20
213            android:name="com.google.firebase.auth.internal.GenericIdpActivity"
213-->[com.google.firebase:firebase-auth:24.0.1] AndroidManifest.xml:30:13-80
214            android:excludeFromRecents="true"
214-->[com.google.firebase:firebase-auth:24.0.1] AndroidManifest.xml:31:13-46
215            android:exported="true"
215-->[com.google.firebase:firebase-auth:24.0.1] AndroidManifest.xml:32:13-36
216            android:launchMode="singleTask"
216-->[com.google.firebase:firebase-auth:24.0.1] AndroidManifest.xml:33:13-44
217            android:theme="@android:style/Theme.Translucent.NoTitleBar" >
217-->[com.google.firebase:firebase-auth:24.0.1] AndroidManifest.xml:34:13-72
218            <intent-filter>
218-->[com.google.firebase:firebase-auth:24.0.1] AndroidManifest.xml:35:13-45:29
219                <action android:name="android.intent.action.VIEW" />
219-->src\main\AndroidManifest.xml:10:13-65
219-->src\main\AndroidManifest.xml:10:21-62
220
221                <category android:name="android.intent.category.DEFAULT" />
221-->src\main\AndroidManifest.xml:154:17-76
221-->src\main\AndroidManifest.xml:154:27-73
222                <category android:name="android.intent.category.BROWSABLE" />
222-->src\main\AndroidManifest.xml:155:17-78
222-->src\main\AndroidManifest.xml:155:27-75
223
224                <data
224-->src\main\AndroidManifest.xml:11:13-44
225                    android:host="firebase.auth"
225-->src\main\AndroidManifest.xml:160:23-39
226                    android:path="/"
227                    android:scheme="genericidp" />
227-->src\main\AndroidManifest.xml:158:23-44
228            </intent-filter>
229        </activity>
230        <activity
230-->[com.google.firebase:firebase-auth:24.0.1] AndroidManifest.xml:47:9-64:20
231            android:name="com.google.firebase.auth.internal.RecaptchaActivity"
231-->[com.google.firebase:firebase-auth:24.0.1] AndroidManifest.xml:48:13-79
232            android:excludeFromRecents="true"
232-->[com.google.firebase:firebase-auth:24.0.1] AndroidManifest.xml:49:13-46
233            android:exported="true"
233-->[com.google.firebase:firebase-auth:24.0.1] AndroidManifest.xml:50:13-36
234            android:launchMode="singleTask"
234-->[com.google.firebase:firebase-auth:24.0.1] AndroidManifest.xml:51:13-44
235            android:theme="@android:style/Theme.Translucent.NoTitleBar" >
235-->[com.google.firebase:firebase-auth:24.0.1] AndroidManifest.xml:52:13-72
236            <intent-filter>
236-->[com.google.firebase:firebase-auth:24.0.1] AndroidManifest.xml:53:13-63:29
237                <action android:name="android.intent.action.VIEW" />
237-->src\main\AndroidManifest.xml:10:13-65
237-->src\main\AndroidManifest.xml:10:21-62
238
239                <category android:name="android.intent.category.DEFAULT" />
239-->src\main\AndroidManifest.xml:154:17-76
239-->src\main\AndroidManifest.xml:154:27-73
240                <category android:name="android.intent.category.BROWSABLE" />
240-->src\main\AndroidManifest.xml:155:17-78
240-->src\main\AndroidManifest.xml:155:27-75
241
242                <data
242-->src\main\AndroidManifest.xml:11:13-44
243                    android:host="firebase.auth"
243-->src\main\AndroidManifest.xml:160:23-39
244                    android:path="/"
245                    android:scheme="recaptcha" />
245-->src\main\AndroidManifest.xml:158:23-44
246            </intent-filter>
247        </activity>
248
249        <service
249-->[com.google.firebase:firebase-auth:24.0.1] AndroidManifest.xml:66:9-72:19
250            android:name="com.google.firebase.components.ComponentDiscoveryService"
250-->[com.google.firebase:firebase-auth:24.0.1] AndroidManifest.xml:67:13-84
251            android:directBootAware="true"
251-->[com.google.firebase:firebase-common:22.0.1] AndroidManifest.xml:32:13-43
252            android:exported="false" >
252-->[com.google.firebase:firebase-auth:24.0.1] AndroidManifest.xml:68:13-37
253            <meta-data
253-->[com.google.firebase:firebase-auth:24.0.1] AndroidManifest.xml:69:13-71:85
254                android:name="com.google.firebase.components:com.google.firebase.auth.FirebaseAuthRegistrar"
254-->[com.google.firebase:firebase-auth:24.0.1] AndroidManifest.xml:70:17-109
255                android:value="com.google.firebase.components.ComponentRegistrar" />
255-->[com.google.firebase:firebase-auth:24.0.1] AndroidManifest.xml:71:17-82
256            <meta-data
256-->[com.google.firebase:firebase-firestore:26.2.0] AndroidManifest.xml:17:13-19:85
257                android:name="com.google.firebase.components:com.google.firebase.firestore.FirebaseFirestoreKtxRegistrar"
257-->[com.google.firebase:firebase-firestore:26.2.0] AndroidManifest.xml:18:17-122
258                android:value="com.google.firebase.components.ComponentRegistrar" />
258-->[com.google.firebase:firebase-firestore:26.2.0] AndroidManifest.xml:19:17-82
259            <meta-data
259-->[com.google.firebase:firebase-firestore:26.2.0] AndroidManifest.xml:20:13-22:85
260                android:name="com.google.firebase.components:com.google.firebase.firestore.FirestoreRegistrar"
260-->[com.google.firebase:firebase-firestore:26.2.0] AndroidManifest.xml:21:17-111
261                android:value="com.google.firebase.components.ComponentRegistrar" />
261-->[com.google.firebase:firebase-firestore:26.2.0] AndroidManifest.xml:22:17-82
262            <meta-data
262-->[com.google.firebase:firebase-common:22.0.1] AndroidManifest.xml:35:13-37:85
263                android:name="com.google.firebase.components:com.google.firebase.FirebaseCommonKtxRegistrar"
263-->[com.google.firebase:firebase-common:22.0.1] AndroidManifest.xml:36:17-109
264                android:value="com.google.firebase.components.ComponentRegistrar" />
264-->[com.google.firebase:firebase-common:22.0.1] AndroidManifest.xml:37:17-82
265        </service>
266        <service
266-->[androidx.credentials:credentials-play-services-auth:1.2.0-rc01] AndroidManifest.xml:24:9-32:19
267            android:name="androidx.credentials.playservices.CredentialProviderMetadataHolder"
267-->[androidx.credentials:credentials-play-services-auth:1.2.0-rc01] AndroidManifest.xml:25:13-94
268            android:enabled="true"
268-->[androidx.credentials:credentials-play-services-auth:1.2.0-rc01] AndroidManifest.xml:26:13-35
269            android:exported="false" >
269-->[androidx.credentials:credentials-play-services-auth:1.2.0-rc01] AndroidManifest.xml:27:13-37
270            <meta-data
270-->[androidx.credentials:credentials-play-services-auth:1.2.0-rc01] AndroidManifest.xml:29:13-31:104
271                android:name="androidx.credentials.CREDENTIAL_PROVIDER_KEY"
271-->[androidx.credentials:credentials-play-services-auth:1.2.0-rc01] AndroidManifest.xml:30:17-76
272                android:value="androidx.credentials.playservices.CredentialProviderPlayServicesImpl" />
272-->[androidx.credentials:credentials-play-services-auth:1.2.0-rc01] AndroidManifest.xml:31:17-101
273        </service>
274
275        <activity
275-->[androidx.credentials:credentials-play-services-auth:1.2.0-rc01] AndroidManifest.xml:34:9-41:20
276            android:name="androidx.credentials.playservices.HiddenActivity"
276-->[androidx.credentials:credentials-play-services-auth:1.2.0-rc01] AndroidManifest.xml:35:13-76
277            android:configChanges="orientation|screenSize|screenLayout|keyboardHidden"
277-->[androidx.credentials:credentials-play-services-auth:1.2.0-rc01] AndroidManifest.xml:36:13-87
278            android:enabled="true"
278-->[androidx.credentials:credentials-play-services-auth:1.2.0-rc01] AndroidManifest.xml:37:13-35
279            android:exported="false"
279-->[androidx.credentials:credentials-play-services-auth:1.2.0-rc01] AndroidManifest.xml:38:13-37
280            android:fitsSystemWindows="true"
280-->[androidx.credentials:credentials-play-services-auth:1.2.0-rc01] AndroidManifest.xml:39:13-45
281            android:theme="@style/Theme.Hidden" >
281-->[androidx.credentials:credentials-play-services-auth:1.2.0-rc01] AndroidManifest.xml:40:13-48
282        </activity>
283        <activity
283-->[com.google.android.gms:play-services-auth:20.7.0] AndroidManifest.xml:23:9-27:75
284            android:name="com.google.android.gms.auth.api.signin.internal.SignInHubActivity"
284-->[com.google.android.gms:play-services-auth:20.7.0] AndroidManifest.xml:24:13-93
285            android:excludeFromRecents="true"
285-->[com.google.android.gms:play-services-auth:20.7.0] AndroidManifest.xml:25:13-46
286            android:exported="false"
286-->[com.google.android.gms:play-services-auth:20.7.0] AndroidManifest.xml:26:13-37
287            android:theme="@android:style/Theme.Translucent.NoTitleBar" />
287-->[com.google.android.gms:play-services-auth:20.7.0] AndroidManifest.xml:27:13-72
288        <!--
289            Service handling Google Sign-In user revocation. For apps that do not integrate with
290            Google Sign-In, this service will never be started.
291        -->
292        <service
292-->[com.google.android.gms:play-services-auth:20.7.0] AndroidManifest.xml:33:9-37:51
293            android:name="com.google.android.gms.auth.api.signin.RevocationBoundService"
293-->[com.google.android.gms:play-services-auth:20.7.0] AndroidManifest.xml:34:13-89
294            android:exported="true"
294-->[com.google.android.gms:play-services-auth:20.7.0] AndroidManifest.xml:35:13-36
295            android:permission="com.google.android.gms.auth.api.signin.permission.REVOCATION_NOTIFICATION"
295-->[com.google.android.gms:play-services-auth:20.7.0] AndroidManifest.xml:36:13-107
296            android:visibleToInstantApps="true" />
296-->[com.google.android.gms:play-services-auth:20.7.0] AndroidManifest.xml:37:13-48
297
298        <provider
298-->[com.google.firebase:firebase-common:22.0.1] AndroidManifest.xml:23:9-28:39
299            android:name="com.google.firebase.provider.FirebaseInitProvider"
299-->[com.google.firebase:firebase-common:22.0.1] AndroidManifest.xml:24:13-77
300            android:authorities="com.aistudio.milkdelivery.qyvjpt.firebaseinitprovider"
300-->[com.google.firebase:firebase-common:22.0.1] AndroidManifest.xml:25:13-72
301            android:directBootAware="true"
301-->[com.google.firebase:firebase-common:22.0.1] AndroidManifest.xml:26:13-43
302            android:exported="false"
302-->[com.google.firebase:firebase-common:22.0.1] AndroidManifest.xml:27:13-37
303            android:initOrder="100" />
303-->[com.google.firebase:firebase-common:22.0.1] AndroidManifest.xml:28:13-36
304
305        <activity
305-->[com.google.android.gms:play-services-base:18.9.0] AndroidManifest.xml:20:9-22:45
306            android:name="com.google.android.gms.common.api.GoogleApiActivity"
306-->[com.google.android.gms:play-services-base:18.9.0] AndroidManifest.xml:20:19-85
307            android:exported="false"
307-->[com.google.android.gms:play-services-base:18.9.0] AndroidManifest.xml:22:19-43
308            android:theme="@android:style/Theme.Translucent.NoTitleBar" />
308-->[com.google.android.gms:play-services-base:18.9.0] AndroidManifest.xml:21:19-78
309
310        <service
310-->[androidx.room:room-runtime-android:2.7.0] AndroidManifest.xml:24:9-28:63
311            android:name="androidx.room.MultiInstanceInvalidationService"
311-->[androidx.room:room-runtime-android:2.7.0] AndroidManifest.xml:25:13-74
312            android:directBootAware="true"
312-->[androidx.room:room-runtime-android:2.7.0] AndroidManifest.xml:26:13-43